2022-08-18 18:59:01,379 [Worker-3: Loading available Gradle versions] INFO  o.e.b.c.i.u.g.PublishedGradleVersions - Gradle version information cache is out-of-date. Trying to update.
2022-08-18 18:59:36,253 [Worker-9: Importing Maven projects] ERROR o.e.m.c.i.p.ProjectConfigurationManager - Project learning-spring already exists
2022-08-18 18:59:36,256 [Worker-9: Importing Maven projects] ERROR o.e.m.c.i.p.ProjectConfigurationManager - Project learning-spring already exists
2022-08-18 18:59:36,258 [Worker-9: Importing Maven projects] ERROR o.e.m.c.i.p.ProjectConfigurationManager - Project learning-spring already exists
2022-08-18 18:59:36,259 [Worker-9: Importing Maven projects] ERROR o.e.m.c.i.p.ProjectConfigurationManager - Project learning-spring already exists
2022-08-18 18:59:36,261 [Worker-9: Importing Maven projects] ERROR o.e.m.c.i.p.ProjectConfigurationManager - Project learning-spring already exists
2022-08-18 18:59:36,262 [Worker-9: Importing Maven projects] ERROR o.e.m.c.i.p.ProjectConfigurationManager - Project learning-spring already exists
2022-08-18 18:59:37,330 [Worker-9: Importing Maven projects] INFO  o.e.m.c.i.l.LifecycleMappingFactory - Using org.eclipse.m2e.jdt.JarLifecycleMapping lifecycle mapping for MavenProject: com.frankmoley.lil:learning-spring:0.0.1-SNAPSHOT @ D:\Ex_Files_Learning_Spring_with_Spring_Boot\Exercise Files\CH04\04_02\04_02_begin\learning-spring\pom.xml.
2022-08-18 18:59:38,388 [Worker-9: Importing Maven projects] INFO  o.e.m.j.i.AbstractJavaProjectConfigurator - Adding source folder /learning-spring/src/main/java
2022-08-18 18:59:38,388 [Worker-9: Importing Maven projects] INFO  o.e.m.j.i.AbstractJavaProjectConfigurator - Adding resource folder /learning-spring/src/main/resources
2022-08-18 18:59:38,396 [Worker-9: Importing Maven projects] INFO  o.e.m.j.i.AbstractJavaProjectConfigurator - Adding resource folder /learning-spring/src/main/resources
2022-08-18 18:59:38,404 [Worker-9: Importing Maven projects] INFO  o.e.m.j.i.AbstractJavaProjectConfigurator - Adding source folder /learning-spring/src/test/java
2022-08-18 18:59:39,714 [Worker-9: Importing Maven projects] INFO  o.e.m.c.i.p.ProjectConfigurationManager - Imported and configured 7 project(s) in 3 sec
2022-08-18 18:59:41,131 [Worker-2: Building] INFO  o.e.m.c.i.embedder.EclipseLogger - Using 'UTF-8' encoding to copy filtered resources.
2022-08-18 18:59:41,131 [Worker-2: Building] INFO  o.e.m.c.i.embedder.EclipseLogger - Using 'UTF-8' encoding to copy filtered properties files.
2022-08-18 18:59:41,135 [Worker-2: Building] INFO  o.e.m.c.i.embedder.EclipseLogger - Copying 1 resource
2022-08-18 18:59:41,155 [Worker-2: Building] INFO  o.e.m.c.i.embedder.EclipseLogger - Copying 3 resources
2022-08-18 18:59:41,192 [Worker-2: Building] INFO  o.e.m.c.i.embedder.EclipseLogger - Using 'UTF-8' encoding to copy filtered resources.
2022-08-18 18:59:41,192 [Worker-2: Building] INFO  o.e.m.c.i.embedder.EclipseLogger - Using 'UTF-8' encoding to copy filtered properties files.
2022-08-18 18:59:41,192 [Worker-2: Building] INFO  o.e.m.c.i.embedder.EclipseLogger - skip non existing resourceDirectory D:\Ex_Files_Learning_Spring_with_Spring_Boot\Exercise Files\CH04\04_02\04_02_begin\learning-spring\src\test\resources
2022-08-18 19:04:19,907 [Worker-21: Importing Maven projects] ERROR o.e.m.c.i.p.ProjectConfigurationManager - Project learning-spring already exists
2022-08-18 19:04:19,908 [Worker-21: Importing Maven projects] ERROR o.e.m.c.i.p.ProjectConfigurationManager - Project learning-spring already exists
2022-08-18 19:04:19,909 [Worker-21: Importing Maven projects] ERROR o.e.m.c.i.p.ProjectConfigurationManager - Project learning-spring already exists
2022-08-18 19:04:19,910 [Worker-21: Importing Maven projects] ERROR o.e.m.c.i.p.ProjectConfigurationManager - Project learning-spring already exists
2022-08-18 19:04:19,911 [Worker-21: Importing Maven projects] ERROR o.e.m.c.i.p.ProjectConfigurationManager - Project learning-spring already exists
2022-08-18 19:04:19,911 [Worker-21: Importing Maven projects] ERROR o.e.m.c.i.p.ProjectConfigurationManager - Project learning-spring already exists
2022-08-18 19:04:19,912 [Worker-21: Importing Maven projects] ERROR o.e.m.c.i.p.ProjectConfigurationManager - Project learning-spring already exists
2022-08-18 19:04:19,913 [Worker-21: Importing Maven projects] ERROR o.e.m.c.i.p.ProjectConfigurationManager - Project learning-spring already exists
2022-08-18 19:04:19,913 [Worker-21: Importing Maven projects] ERROR o.e.m.c.i.p.ProjectConfigurationManager - Project learning-spring already exists
2022-08-18 19:04:19,915 [Worker-21: Importing Maven projects] ERROR o.e.m.c.i.p.ProjectConfigurationManager - Project learning-spring already exists
2022-08-18 19:04:19,916 [Worker-21: Importing Maven projects] ERROR o.e.m.c.i.p.ProjectConfigurationManager - Project learning-spring already exists
2022-08-18 19:04:19,916 [Worker-21: Importing Maven projects] ERROR o.e.m.c.i.p.ProjectConfigurationManager - Project learning-spring already exists
2022-08-18 19:04:19,916 [Worker-21: Importing Maven projects] ERROR o.e.m.c.i.p.ProjectConfigurationManager - Project learning-spring already exists
2022-08-18 19:04:19,917 [Worker-21: Importing Maven projects] ERROR o.e.m.c.i.p.ProjectConfigurationManager - Project learning-spring already exists
2022-08-18 19:04:19,917 [Worker-21: Importing Maven projects] ERROR o.e.m.c.i.p.ProjectConfigurationManager - Project learning-spring already exists
2022-08-18 19:04:19,918 [Worker-21: Importing Maven projects] ERROR o.e.m.c.i.p.ProjectConfigurationManager - Project learning-spring already exists
2022-08-18 19:04:19,918 [Worker-21: Importing Maven projects] ERROR o.e.m.c.i.p.ProjectConfigurationManager - Project learning-spring already exists
2022-08-18 19:04:19,919 [Worker-21: Importing Maven projects] ERROR o.e.m.c.i.p.ProjectConfigurationManager - Project learning-spring already exists
2022-08-18 19:04:19,920 [Worker-21: Importing Maven projects] ERROR o.e.m.c.i.p.ProjectConfigurationManager - Project learning-spring already exists
2022-08-18 19:04:19,921 [Worker-21: Importing Maven projects] ERROR o.e.m.c.i.p.ProjectConfigurationManager - Project learning-spring already exists
2022-08-18 19:04:19,921 [Worker-21: Importing Maven projects] ERROR o.e.m.c.i.p.ProjectConfigurationManager - Project learning-spring already exists
2022-08-18 19:04:19,922 [Worker-21: Importing Maven projects] ERROR o.e.m.c.i.p.ProjectConfigurationManager - Project learning-spring already exists
2022-08-18 19:04:19,922 [Worker-21: Importing Maven projects] ERROR o.e.m.c.i.p.ProjectConfigurationManager - Project learning-spring already exists
2022-08-18 19:04:19,923 [Worker-21: Importing Maven projects] ERROR o.e.m.c.i.p.ProjectConfigurationManager - Project learning-spring already exists
2022-08-18 19:04:19,924 [Worker-21: Importing Maven projects] ERROR o.e.m.c.i.p.ProjectConfigurationManager - Project learning-spring already exists
2022-08-18 19:04:20,326 [Worker-21: Importing Maven projects] INFO  o.e.m.c.i.l.LifecycleMappingFactory - Using org.eclipse.m2e.jdt.JarLifecycleMapping lifecycle mapping for MavenProject: com.frankmoley.lil:learning-spring:0.0.1-SNAPSHOT @ D:\Ex_Files_Learning_Spring_with_Spring_Boot\Exercise Files\CH01\01_03\01_03_end\learning-spring\pom.xml.
2022-08-18 19:04:21,033 [Worker-21: Importing Maven projects] INFO  o.e.m.j.i.AbstractJavaProjectConfigurator - Adding source folder /learning-spring/src/main/java
2022-08-18 19:04:21,034 [Worker-21: Importing Maven projects] INFO  o.e.m.j.i.AbstractJavaProjectConfigurator - Adding resource folder /learning-spring/src/main/resources
2022-08-18 19:04:21,034 [Worker-21: Importing Maven projects] INFO  o.e.m.j.i.AbstractJavaProjectConfigurator - Adding resource folder /learning-spring/src/main/resources
2022-08-18 19:04:21,035 [Worker-21: Importing Maven projects] INFO  o.e.m.j.i.AbstractJavaProjectConfigurator - Adding source folder /learning-spring/src/test/java
2022-08-18 19:04:21,181 [Worker-21: Importing Maven projects] INFO  o.e.m.c.i.p.ProjectConfigurationManager - Imported and configured 26 project(s) in 1 sec
2022-08-18 19:04:21,890 [Worker-2: Building] INFO  o.e.m.c.i.embedder.EclipseLogger - Using 'UTF-8' encoding to copy filtered resources.
2022-08-18 19:04:21,890 [Worker-2: Building] INFO  o.e.m.c.i.embedder.EclipseLogger - Using 'UTF-8' encoding to copy filtered properties files.
2022-08-18 19:04:21,891 [Worker-2: Building] INFO  o.e.m.c.i.embedder.EclipseLogger - Copying 1 resource
2022-08-18 19:04:21,913 [Worker-2: Building] INFO  o.e.m.c.i.embedder.EclipseLogger - Copying 2 resources
2022-08-18 19:04:21,930 [Worker-2: Building] INFO  o.e.m.c.i.embedder.EclipseLogger - Using 'UTF-8' encoding to copy filtered resources.
2022-08-18 19:04:21,931 [Worker-2: Building] INFO  o.e.m.c.i.embedder.EclipseLogger - Using 'UTF-8' encoding to copy filtered properties files.
2022-08-18 19:04:21,931 [Worker-2: Building] INFO  o.e.m.c.i.embedder.EclipseLogger - skip non existing resourceDirectory D:\Ex_Files_Learning_Spring_with_Spring_Boot\Exercise Files\CH01\01_03\01_03_end\learning-spring\src\test\resources
